<?xml version="1.0" encoding="UTF-8"?>
<!-- Generated by org.testng.reporters.JUnitReportReporter -->
<testsuite skipped="0" hostname="Ashwin" name="com.crm.qa.testcases.LoginPageTest" tests="3" failures="0" timestamp="02 Sep 2019 19:54:31 GMT" time="34.282" errors="0">
  <testcase name="loginPageTitleTest" time="12.073" classname="com.crm.qa.testcases.LoginPageTest"/>
  <testcase name="logoImageTest" time="8.697" classname="com.crm.qa.testcases.LoginPageTest"/>
  <testcase name="loginTest" time="13.512" classname="com.crm.qa.testcases.LoginPageTest"/>
</testsuite> <!-- com.crm.qa.testcases.LoginPageTest -->
