<?xml version="1.0" encoding="UTF-8"?>
<!-- Generated by org.testng.reporters.JUnitReportReporter -->
<testsuite skipped="0" hostname="Ashwin" name="sample.Sample1TestNG" tests="3" failures="0" timestamp="08 Apr 2019 11:19:14 GMT" time="6.192" errors="0">
  <testcase name="launchBroswer" time="3.241" classname="sample.Sample1TestNG"/>
  <testcase name="verifyTitle" time="2.061" classname="sample.Sample1TestNG"/>
  <testcase name="closeBrowser" time="0.890" classname="sample.Sample1TestNG"/>
</testsuite> <!-- sample.Sample1TestNG -->
