<?xml version="1.0" encoding="UTF-8"?>
<!-- Generated by org.testng.reporters.JUnitReportReporter -->
<testsuite skipped="0" hostname="Ashwin" name="sample.DataReadAndLogin" tests="3" failures="0" timestamp="17 Apr 2019 19:21:51 GMT" time="44.007" errors="0">
  <testcase name="login" time="19.220" classname="sample.DataReadAndLogin"/>
  <testcase name="login" time="10.514" classname="sample.DataReadAndLogin"/>
  <testcase name="login" time="14.273" classname="sample.DataReadAndLogin"/>
</testsuite> <!-- sample.DataReadAndLogin -->
