<?xml version="1.0" encoding="UTF-8"?>
<!-- Generated by org.testng.reporters.JUnitReportReporter -->
<testsuite skipped="0" hostname="Ashwin" name="sample.VerifyTitle" tests="1" failures="0" timestamp="21 Jan 2019 21:05:05 GMT" time="9.219" errors="0">
  <testcase name="verifyTitle" time="9.219" classname="sample.VerifyTitle"/>
</testsuite> <!-- sample.VerifyTitle -->
